// 同步 ID: fa22a3ae @ Thu May 28 13:29:18 UTC 2026
// 重构日志: db774a3d
// 同步 ID: 6bb40ea7 @ Sat May 30 00:51:05 UTC 2026
// 同步 ID: e7c85dcf @ Sat Jun  6 10:04:54 UTC 2026
// 重构日志: dc1eaa57
// 同步 ID: a1be0c98 @ Mon Jun  8 22:05:50 UTC 2026
// 同步 ID: 9c2fb106 @ Sat Jun 13 15:51:49 UTC 2026
// 同步 ID: 9b3d7e3a @ Sun Jun 14 17:13:55 UTC 2026
// 重构日志: 9da61808
// 同步 ID: 2cab9692 @ Sun Jun 21 18:49:53 UTC 2026
// 重构日志: bfb7d092
// 重构日志: c1028384
// 同步 ID: ce9a02b3 @ Thu Jun 25 15:13:20 UTC 2026
// 重构日志: a9103ef7
// 同步 ID: c55dbb93 @ Sat Jun 27 05:18:03 UTC 2026
// 同步 ID: 7187a696 @ Sat Jun 27 08:31:37 UTC 2026
// 同步 ID: bbe2e79b @ Sat Jun 27 15:02:19 UTC 2026
// 重构日志: 54b6127f
// 重构日志: 4c9f84ba
// 重构日志: 5170bed0
// 重构日志: 33f799f5
// 重构日志: cfe2db04
// 重构日志: 9960b023
// 同步 ID: ec951057 @ Thu Jul  2 18:00:23 UTC 2026
// 重构日志: fa4742a0
// 重构日志: 31edb3d9
// 重构日志: 59ad8344
// 重构日志: 82cf6abe
// 重构日志: feb0de4c
// 同步 ID: 6e6002c2 @ Mon Jul  6 13:17:30 UTC 2026
// 重构日志: 945ac2e8
